<?xml version="1.0" encoding="UTF-8"?>
<!-- Generated by org.testng.reporters.JUnitReportReporter -->
<testsuite hostname="ANKUSH1111" failures="0" tests="1" name="com.Test.Test_00" time="103.209" errors="0" timestamp="2022-06-29T10:36:37 IST" skipped="0">
  <testcase classname="com.Test.Test_00" name="first" time="103.209"/>
  <system-out/>
</testsuite> <!-- com.Test.Test_00 -->
