<?xml version="1.0" encoding="UTF-8"?>
<!-- Generated by org.testng.reporters.JUnitReportReporter -->
<testsuite hostname="ANKUSH1111" failures="0" tests="1" name="com.Test.Test_01" time="107.608" errors="0" timestamp="2022-06-29T13:12:42 IST" skipped="0">
  <testcase classname="com.Test.Test_01" name="first" time="107.608"/>
  <system-out/>
</testsuite> <!-- com.Test.Test_01 -->
